#
# An unexpected error has occurred (6)
#
Stack:
/lib/x86_64-linux-gnu/libc.so.6(+0x42520) [0x7ffffd619520]
/lib/x86_64-linux-gnu/libc.so.6(pthread_kill+0x12c) [0x7ffffd66d9fc]
/lib/x86_64-linux-gnu/libc.so.6(raise+0x16) [0x7ffffd619476]
/lib/x86_64-linux-gnu/libc.so.6(abort+0xd3) [0x7ffffd5ff7f3]
/lib/x86_64-linux-gnu/libc.so.6(+0x89677) [0x7ffffd660677]
/lib/x86_64-linux-gnu/libc.so.6(+0xa0cfc) [0x7ffffd677cfc]
/lib/x86_64-linux-gnu/libc.so.6(+0xa4c6c) [0x7ffffd67bc6c]
/lib/x86_64-linux-gnu/libc.so.6(realloc+0x122) [0x7ffffd67c862]
/lib/x86_64-linux-gnu/libudev.so.1(+0x15707) [0x7ffff8741707]
/lib/x86_64-linux-gnu/libudev.so.1(+0x1bb1b) [0x7ffff8747b1b]
/lib/x86_64-linux-gnu/libudev.so.1(+0x75ff) [0x7ffff87335ff]
/lib/x86_64-linux-gnu/libudev.so.1(+0x7b6b) [0x7ffff8733b6b]
/lib/x86_64-linux-gnu/libudev.so.1(+0x10192) [0x7ffff873c192]
/lib/x86_64-linux-gnu/libudev.so.1(+0x105d3) [0x7ffff873c5d3]
/lib/x86_64-linux-gnu/libudev.so.1(udev_enumerate_scan_devices+0x2a1) [0x7ffff873d341]
/home/user/Xilinx/Vivado/2022.2/lib/lnx64.o/libXil_lmgr11.so(+0x10f927) [0x7ffff470f927]
/home/user/Xilinx/Vivado/2022.2/lib/lnx64.o/libXil_lmgr11.so(xilinxd_52bd858d5acf2fc4+0x9) [0x7ffff470fd89]
/home/user/Xilinx/Vivado/2022.2/lib/lnx64.o/libXil_lmgr11.so(+0xc6566) [0x7ffff46c6566]
/home/user/Xilinx/Vivado/2022.2/lib/lnx64.o/libXil_lmgr11.so(xilinxd_52bd853912de43c2+0xc8) [0x7ffff46c6098]
/home/user/Xilinx/Vivado/2022.2/lib/lnx64.o/libXil_lmgr11.so(+0xb33a2) [0x7ffff46b33a2]
/home/user/Xilinx/Vivado/2022.2/lib/lnx64.o/libXil_lmgr11.so(xilinxd_52bd995765656b48+0x2a) [0x7ffff46bd5da]
/home/user/Xilinx/Vivado/2022.2/lib/lnx64.o/libXil_lmgr11.so(xilinxd_52bd700d1bd3c616+0x73) [0x7ffff46bd6c3]
/home/user/Xilinx/Vivado/2022.2/lib/lnx64.o/librdi_commonxillic.so(XilReg::Utils::GetHostInfo[abi:cxx11](XilReg::Utils::HostInfoType, bool) const+0x1a0) [0x7ffff8f1fda0]
/home/user/Xilinx/Vivado/2022.2/lib/lnx64.o/librdi_commonxillic.so(XilReg::Utils::GetHostInfoFormatted[abi:cxx11](XilReg::Utils::HostInfoType, bool) const+0x59) [0x7ffff8f26379]
/home/user/Xilinx/Vivado/2022.2/lib/lnx64.o/librdi_commonxillic.so(XilReg::Utils::GetHostInfo[abi:cxx11]() const+0x103) [0x7ffff8f26633]
/home/user/Xilinx/Vivado/2022.2/lib/lnx64.o/librdi_commonxillic.so(XilReg::Utils::GetRegInfo(std::__cxx11::basic_string<char, std::char_traits<char>, std::allocator<char> > const&, bool, bool)+0x96) [0x7ffff8f2a0a6]
/home/user/Xilinx/Vivado/2022.2/lib/lnx64.o/librdi_commonxillic.so(XilReg::Utils::GetRegInfoWebTalk(std::__cxx11::basic_string<char, std::char_traits<char>, std::allocator<char> > const&)+0x60) [0x7ffff8f2a2d0]
/home/user/Xilinx/Vivado/2022.2/lib/lnx64.o/librdi_project.so(HAPRWebtalkHelper::getRegistrationId[abi:cxx11]() const+0x3d) [0x7fffd9860acd]
/home/user/Xilinx/Vivado/2022.2/lib/lnx64.o/librdi_project.so(HAPRWebtalkHelper::HAPRWebtalkHelper(HAPRProject*, HAPRDesign*, HWEWebtalkMgr*, std::__cxx11::basic_string<char, std::char_traits<char>, std::allocator<char> > const&)+0x178) [0x7fffd98631c8]
/home/user/Xilinx/Vivado/2022.2/lib/lnx64.o/librdi_project.so(HAPRDesign::prepAndTransmitWebtalkData(std::__cxx11::basic_string<char, std::char_traits<char>, std::allocator<char> >, bool)+0x68) [0x7fffd9719348]
/home/user/Xilinx/Vivado/2022.2/lib/lnx64.o/librdi_vivadotasks.so(+0x69fbcf) [0x7fffc1d82bcf]
/home/user/Xilinx/Vivado/2022.2/lib/lnx64.o/librdi_vivadotasks.so(+0x6a29d2) [0x7fffc1d859d2]
/home/user/Xilinx/Vivado/2022.2/lib/lnx64.o/librdi_common.so(+0xb9430f) [0x7ffffebec30f]
/home/user/Xilinx/Vivado/2022.2/lib/lnx64.o/libtcl8.5.so(+0x3356f) [0x7ffff843356f]
/home/user/Xilinx/Vivado/2022.2/lib/lnx64.o/libtcl8.5.so(+0x76945) [0x7ffff8476945]
/home/user/Xilinx/Vivado/2022.2/lib/lnx64.o/libtcl8.5.so(+0x7e0f9) [0x7ffff847e0f9]
/home/user/Xilinx/Vivado/2022.2/lib/lnx64.o/libtcl8.5.so(TclEvalObjEx+0x76) [0x7ffff8435216]
/home/user/Xilinx/Vivado/2022.2/lib/lnx64.o/librdi_commontasks.so(+0x2598ae) [0x7ffff1ab78ae]
/home/user/Xilinx/Vivado/2022.2/lib/lnx64.o/libtcl8.5.so(+0x3356f) [0x7ffff843356f]
/home/user/Xilinx/Vivado/2022.2/lib/lnx64.o/libtcl8.5.so(+0x34bf8) [0x7ffff8434bf8]
/home/user/Xilinx/Vivado/2022.2/lib/lnx64.o/libtcl8.5.so(+0xad566) [0x7ffff84ad566]
/home/user/Xilinx/Vivado/2022.2/lib/lnx64.o/libtcl8.5.so(+0x34785) [0x7ffff8434785]
/home/user/Xilinx/Vivado/2022.2/lib/lnx64.o/libtcl8.5.so(Tcl_EvalEx+0x13) [0x7ffff8435163]
/home/user/Xilinx/Vivado/2022.2/lib/lnx64.o/libtcl8.5.so(Tcl_FSEvalFileEx+0x1da) [0x7ffff8499d2a]
/home/user/Xilinx/Vivado/2022.2/lib/lnx64.o/librdi_commontasks.so(+0x2752c0) [0x7ffff1ad32c0]
/home/user/Xilinx/Vivado/2022.2/lib/lnx64.o/librdi_common.so(+0xb9430f) [0x7ffffebec30f]
/home/user/Xilinx/Vivado/2022.2/lib/lnx64.o/libtcl8.5.so(+0x3356f) [0x7ffff843356f]
/home/user/Xilinx/Vivado/2022.2/lib/lnx64.o/libtcl8.5.so(Tcl_EvalObjv+0x32) [0x7ffff84336a2]
/home/user/Xilinx/Vivado/2022.2/lib/lnx64.o/libtcl8.5.so(TclEvalObjEx+0x322) [0x7ffff84354c2]
/home/user/Xilinx/Vivado/2022.2/lib/lnx64.o/librdi_commontasks.so(+0x2bb7f8) [0x7ffff1b197f8]
/home/user/Xilinx/Vivado/2022.2/lib/lnx64.o/librdi_commontasks.so(+0x2bcdff) [0x7ffff1b1adff]
/home/user/Xilinx/Vivado/2022.2/lib/lnx64.o/librdi_common.so(+0xb9430f) [0x7ffffebec30f]
/home/user/Xilinx/Vivado/2022.2/lib/lnx64.o/libtcl8.5.so(+0x3356f) [0x7ffff843356f]
/home/user/Xilinx/Vivado/2022.2/lib/lnx64.o/libtcl8.5.so(Tcl_EvalObjv+0x32) [0x7ffff84336a2]
/home/user/Xilinx/Vivado/2022.2/lib/lnx64.o/libtcl8.5.so(TclEvalObjEx+0x322) [0x7ffff84354c2]
/home/user/Xilinx/Vivado/2022.2/lib/lnx64.o/librdi_commonmain.so(+0xc3d8) [0x7fffff7b33d8]
/home/user/Xilinx/Vivado/2022.2/lib/lnx64.o/libtcl8.5.so(Tcl_Main+0x1d0) [0x7ffff84a02f0]
/home/user/Xilinx/Vivado/2022.2/lib/lnx64.o/librdi_common.so(+0xbc17ab) [0x7ffffec197ab]
/lib/x86_64-linux-gnu/libc.so.6(+0x94ac3) [0x7ffffd66bac3]
/lib/x86_64-linux-gnu/libc.so.6(clone+0x44) [0x7ffffd6fca04]
