Copyright 1986-2022 Xilinx, Inc. All Rights Reserved.
---------------------------------------------------------------------------------------------------------------------------------------------
| Tool Version : Vivado v.2022.2 (lin64) Build 3671981 Fri Oct 14 04:59:54 MDT 2022
| Date         : Tue May 20 17:24:48 2025
| Host         : 505c0296264a running 64-bit Ubuntu 22.04.5 LTS
| Command      : report_drc -file top_level_wrapper_drc_routed.rpt -pb top_level_wrapper_drc_routed.pb -rpx top_level_wrapper_drc_routed.rpx
| Design       : top_level_wrapper
| Device       : xc7z020clg484-1
| Speed File   : -1
| Design State : Fully Routed
---------------------------------------------------------------------------------------------------------------------------------------------

Report DRC

Table of Contents
-----------------
1. REPORT SUMMARY
2. REPORT DETAILS

1. REPORT SUMMARY
-----------------
            Netlist: netlist
          Floorplan: design_1
      Design limits: <entire design considered>
           Ruledeck: default
             Max violations: <unlimited>
             Violations found: 1
+-----------+----------+------------------------+------------+
| Rule      | Severity | Description            | Violations |
+-----------+----------+------------------------+------------+
| REQP-1577 | Warning  | Clock output buffering | 1          |
+-----------+----------+------------------------+------------+

2. REPORT DETAILS
-----------------
REQP-1577#1 Warning
Clock output buffering  
MMCME2_ADV connectivity violation. The signal top_level_i/gmii_to_rgmii_0/U0/i_top_level_gmii_to_rgmii_0_0_clocking/clk_10 on the top_level_i/gmii_to_rgmii_0/U0/i_top_level_gmii_to_rgmii_0_0_clocking/mmcm_adv_inst/CLKOUT2 pin of top_level_i/gmii_to_rgmii_0/U0/i_top_level_gmii_to_rgmii_0_0_clocking/mmcm_adv_inst does not drive the same kind of BUFFER load as the other CLKOUT pins. Routing from the different buffer types will not be phase aligned.
Related violations: <none>


